[22-Jun-2018 12:17:27 UTC] PHP Fatal error:  Call to undefined function displaySymbol() in /home/ubuntu/workspace/cst336/labs/lab2SlotMachine/index.php on line 18
[22-Jun-2018 12:17:27 UTC] PHP Stack trace:
[22-Jun-2018 12:17:27 UTC] PHP   1. {main}() /home/ubuntu/workspace/cst336/labs/lab2SlotMachine/index.php:0
[22-Jun-2018 12:18:30 UTC] PHP Warning:  include(inc/functions.php): failed to open stream: No such file or directory in /home/ubuntu/workspace/cst336/labs/lab2SlotMachine/index.php on line 3
[22-Jun-2018 12:18:30 UTC] PHP Stack trace:
[22-Jun-2018 12:18:30 UTC] PHP   1. {main}() /home/ubuntu/workspace/cst336/labs/lab2SlotMachine/index.php:0
[22-Jun-2018 12:18:30 UTC] PHP Warning:  include(): Failed opening 'inc/functions.php' for inclusion (include_path='.:/usr/share/php:/usr/share/pear') in /home/ubuntu/workspace/cst336/labs/lab2SlotMachine/index.php on line 3
[22-Jun-2018 12:18:30 UTC] PHP Stack trace:
[22-Jun-2018 12:18:30 UTC] PHP   1. {main}() /home/ubuntu/workspace/cst336/labs/lab2SlotMachine/index.php:0
[22-Jun-2018 12:18:30 UTC] PHP Fatal error:  Call to undefined function displaySymbol() in /home/ubuntu/workspace/cst336/labs/lab2SlotMachine/index.php on line 20
[22-Jun-2018 12:18:30 UTC] PHP Stack trace:
[22-Jun-2018 12:18:30 UTC] PHP   1. {main}() /home/ubuntu/workspace/cst336/labs/lab2SlotMachine/index.php:0
[22-Jun-2018 12:22:11 UTC] PHP Warning:  include(inc/functions.php): failed to open stream: No such file or directory in /home/ubuntu/workspace/cst336/labs/lab2SlotMachine/index.php on line 2
[22-Jun-2018 12:22:11 UTC] PHP Stack trace:
[22-Jun-2018 12:22:11 UTC] PHP   1. {main}() /home/ubuntu/workspace/cst336/labs/lab2SlotMachine/index.php:0
[22-Jun-2018 12:22:11 UTC] PHP Warning:  include(): Failed opening 'inc/functions.php' for inclusion (include_path='.:/usr/share/php:/usr/share/pear') in /home/ubuntu/workspace/cst336/labs/lab2SlotMachine/index.php on line 2
[22-Jun-2018 12:22:11 UTC] PHP Stack trace:
[22-Jun-2018 12:22:11 UTC] PHP   1. {main}() /home/ubuntu/workspace/cst336/labs/lab2SlotMachine/index.php:0
[22-Jun-2018 12:22:11 UTC] PHP Fatal error:  Call to undefined function displaySymbol() in /home/ubuntu/workspace/cst336/labs/lab2SlotMachine/index.php on line 20
[22-Jun-2018 12:22:11 UTC] PHP Stack trace:
[22-Jun-2018 12:22:11 UTC] PHP   1. {main}() /home/ubuntu/workspace/cst336/labs/lab2SlotMachine/index.php:0
[22-Jun-2018 12:22:21 UTC] PHP Warning:  include(inc/functions.php): failed to open stream: No such file or directory in /home/ubuntu/workspace/cst336/labs/lab2SlotMachine/index.php on line 2
[22-Jun-2018 12:22:21 UTC] PHP Stack trace:
[22-Jun-2018 12:22:21 UTC] PHP   1. {main}() /home/ubuntu/workspace/cst336/labs/lab2SlotMachine/index.php:0
[22-Jun-2018 12:22:21 UTC] PHP Warning:  include(): Failed opening 'inc/functions.php' for inclusion (include_path='.:/usr/share/php:/usr/share/pear') in /home/ubuntu/workspace/cst336/labs/lab2SlotMachine/index.php on line 2
[22-Jun-2018 12:22:21 UTC] PHP Stack trace:
[22-Jun-2018 12:22:21 UTC] PHP   1. {main}() /home/ubuntu/workspace/cst336/labs/lab2SlotMachine/index.php:0
[22-Jun-2018 12:22:21 UTC] PHP Fatal error:  Call to undefined function displaySymbol() in /home/ubuntu/workspace/cst336/labs/lab2SlotMachine/index.php on line 20
[22-Jun-2018 12:22:21 UTC] PHP Stack trace:
[22-Jun-2018 12:22:21 UTC] PHP   1. {main}() /home/ubuntu/workspace/cst336/labs/lab2SlotMachine/index.php:0
[22-Jun-2018 12:22:23 UTC] PHP Warning:  include(inc/functions.php): failed to open stream: No such file or directory in /home/ubuntu/workspace/cst336/labs/lab2SlotMachine/index.php on line 2
[22-Jun-2018 12:22:23 UTC] PHP Stack trace:
[22-Jun-2018 12:22:23 UTC] PHP   1. {main}() /home/ubuntu/workspace/cst336/labs/lab2SlotMachine/index.php:0
[22-Jun-2018 12:22:23 UTC] PHP Warning:  include(): Failed opening 'inc/functions.php' for inclusion (include_path='.:/usr/share/php:/usr/share/pear') in /home/ubuntu/workspace/cst336/labs/lab2SlotMachine/index.php on line 2
[22-Jun-2018 12:22:23 UTC] PHP Stack trace:
[22-Jun-2018 12:22:23 UTC] PHP   1. {main}() /home/ubuntu/workspace/cst336/labs/lab2SlotMachine/index.php:0
[22-Jun-2018 12:22:23 UTC] PHP Fatal error:  Call to undefined function displaySymbol() in /home/ubuntu/workspace/cst336/labs/lab2SlotMachine/index.php on line 20
[22-Jun-2018 12:22:23 UTC] PHP Stack trace:
[22-Jun-2018 12:22:23 UTC] PHP   1. {main}() /home/ubuntu/workspace/cst336/labs/lab2SlotMachine/index.php:0
[22-Jun-2018 12:22:25 UTC] PHP Warning:  include(inc/functions.php): failed to open stream: No such file or directory in /home/ubuntu/workspace/cst336/labs/lab2SlotMachine/index.php on line 2
[22-Jun-2018 12:22:25 UTC] PHP Stack trace:
[22-Jun-2018 12:22:25 UTC] PHP   1. {main}() /home/ubuntu/workspace/cst336/labs/lab2SlotMachine/index.php:0
[22-Jun-2018 12:22:25 UTC] PHP Warning:  include(): Failed opening 'inc/functions.php' for inclusion (include_path='.:/usr/share/php:/usr/share/pear') in /home/ubuntu/workspace/cst336/labs/lab2SlotMachine/index.php on line 2
[22-Jun-2018 12:22:25 UTC] PHP Stack trace:
[22-Jun-2018 12:22:25 UTC] PHP   1. {main}() /home/ubuntu/workspace/cst336/labs/lab2SlotMachine/index.php:0
[22-Jun-2018 12:22:25 UTC] PHP Fatal error:  Call to undefined function displaySymbol() in /home/ubuntu/workspace/cst336/labs/lab2SlotMachine/index.php on line 20
[22-Jun-2018 12:22:25 UTC] PHP Stack trace:
[22-Jun-2018 12:22:25 UTC] PHP   1. {main}() /home/ubuntu/workspace/cst336/labs/lab2SlotMachine/index.php:0
[22-Jun-2018 12:22:27 UTC] PHP Warning:  include(inc/functions.php): failed to open stream: No such file or directory in /home/ubuntu/workspace/cst336/labs/lab2SlotMachine/index.php on line 2
[22-Jun-2018 12:22:27 UTC] PHP Stack trace:
[22-Jun-2018 12:22:27 UTC] PHP   1. {main}() /home/ubuntu/workspace/cst336/labs/lab2SlotMachine/index.php:0
[22-Jun-2018 12:22:27 UTC] PHP Warning:  include(): Failed opening 'inc/functions.php' for inclusion (include_path='.:/usr/share/php:/usr/share/pear') in /home/ubuntu/workspace/cst336/labs/lab2SlotMachine/index.php on line 2
[22-Jun-2018 12:22:27 UTC] PHP Stack trace:
[22-Jun-2018 12:22:27 UTC] PHP   1. {main}() /home/ubuntu/workspace/cst336/labs/lab2SlotMachine/index.php:0
[22-Jun-2018 12:22:27 UTC] PHP Fatal error:  Call to undefined function displaySymbol() in /home/ubuntu/workspace/cst336/labs/lab2SlotMachine/index.php on line 20
[22-Jun-2018 12:22:27 UTC] PHP Stack trace:
[22-Jun-2018 12:22:27 UTC] PHP   1. {main}() /home/ubuntu/workspace/cst336/labs/lab2SlotMachine/index.php:0
[22-Jun-2018 12:23:49 UTC] PHP Warning:  include(inc/lab2SlotMachine/functions.php): failed to open stream: No such file or directory in /home/ubuntu/workspace/cst336/labs/lab2SlotMachine/index.php on line 2
[22-Jun-2018 12:23:49 UTC] PHP Stack trace:
[22-Jun-2018 12:23:49 UTC] PHP   1. {main}() /home/ubuntu/workspace/cst336/labs/lab2SlotMachine/index.php:0
[22-Jun-2018 12:23:49 UTC] PHP Warning:  include(): Failed opening 'inc/lab2SlotMachine/functions.php' for inclusion (include_path='.:/usr/share/php:/usr/share/pear') in /home/ubuntu/workspace/cst336/labs/lab2SlotMachine/index.php on line 2
[22-Jun-2018 12:23:49 UTC] PHP Stack trace:
[22-Jun-2018 12:23:49 UTC] PHP   1. {main}() /home/ubuntu/workspace/cst336/labs/lab2SlotMachine/index.php:0
[22-Jun-2018 12:23:49 UTC] PHP Fatal error:  Call to undefined function displaySymbol() in /home/ubuntu/workspace/cst336/labs/lab2SlotMachine/index.php on line 20
[22-Jun-2018 12:23:49 UTC] PHP Stack trace:
[22-Jun-2018 12:23:49 UTC] PHP   1. {main}() /home/ubuntu/workspace/cst336/labs/lab2SlotMachine/index.php:0
[22-Jun-2018 12:24:47 UTC] PHP Warning:  include(/lab2SlotMachine/functions.php): failed to open stream: No such file or directory in /home/ubuntu/workspace/cst336/labs/lab2SlotMachine/index.php on line 2
[22-Jun-2018 12:24:47 UTC] PHP Stack trace:
[22-Jun-2018 12:24:47 UTC] PHP   1. {main}() /home/ubuntu/workspace/cst336/labs/lab2SlotMachine/index.php:0
[22-Jun-2018 12:24:47 UTC] PHP Warning:  include(): Failed opening '/lab2SlotMachine/functions.php' for inclusion (include_path='.:/usr/share/php:/usr/share/pear') in /home/ubuntu/workspace/cst336/labs/lab2SlotMachine/index.php on line 2
[22-Jun-2018 12:24:47 UTC] PHP Stack trace:
[22-Jun-2018 12:24:47 UTC] PHP   1. {main}() /home/ubuntu/workspace/cst336/labs/lab2SlotMachine/index.php:0
[22-Jun-2018 12:24:47 UTC] PHP Fatal error:  Call to undefined function displaySymbol() in /home/ubuntu/workspace/cst336/labs/lab2SlotMachine/index.php on line 20
[22-Jun-2018 12:24:47 UTC] PHP Stack trace:
[22-Jun-2018 12:24:47 UTC] PHP   1. {main}() /home/ubuntu/workspace/cst336/labs/lab2SlotMachine/index.php:0
[22-Jun-2018 12:34:37 UTC] PHP Warning:  include(/lab2SlotMachine/functions.php): failed to open stream: No such file or directory in /home/ubuntu/workspace/cst336/labs/lab2SlotMachine/index.php on line 2
[22-Jun-2018 12:34:37 UTC] PHP Stack trace:
[22-Jun-2018 12:34:37 UTC] PHP   1. {main}() /home/ubuntu/workspace/cst336/labs/lab2SlotMachine/index.php:0
[22-Jun-2018 12:34:37 UTC] PHP Warning:  include(): Failed opening '/lab2SlotMachine/functions.php' for inclusion (include_path='.:/usr/share/php:/usr/share/pear') in /home/ubuntu/workspace/cst336/labs/lab2SlotMachine/index.php on line 2
[22-Jun-2018 12:34:37 UTC] PHP Stack trace:
[22-Jun-2018 12:34:37 UTC] PHP   1. {main}() /home/ubuntu/workspace/cst336/labs/lab2SlotMachine/index.php:0
[22-Jun-2018 12:34:37 UTC] PHP Fatal error:  Call to undefined function play() in /home/ubuntu/workspace/cst336/labs/lab2SlotMachine/index.php on line 17
[22-Jun-2018 12:34:37 UTC] PHP Stack trace:
[22-Jun-2018 12:34:37 UTC] PHP   1. {main}() /home/ubuntu/workspace/cst336/labs/lab2SlotMachine/index.php:0
[22-Jun-2018 14:31:12 UTC] PHP Warning:  include(/lab2SlotMachine/functions.php): failed to open stream: No such file or directory in /home/ubuntu/workspace/cst336/labs/lab2SlotMachine/index.php on line 9
[22-Jun-2018 14:31:12 UTC] PHP Stack trace:
[22-Jun-2018 14:31:12 UTC] PHP   1. {main}() /home/ubuntu/workspace/cst336/labs/lab2SlotMachine/index.php:0
[22-Jun-2018 14:31:12 UTC] PHP Warning:  include(): Failed opening '/lab2SlotMachine/functions.php' for inclusion (include_path='.:/usr/share/php:/usr/share/pear') in /home/ubuntu/workspace/cst336/labs/lab2SlotMachine/index.php on line 9
[22-Jun-2018 14:31:12 UTC] PHP Stack trace:
[22-Jun-2018 14:31:12 UTC] PHP   1. {main}() /home/ubuntu/workspace/cst336/labs/lab2SlotMachine/index.php:0
[22-Jun-2018 14:31:12 UTC] PHP Fatal error:  Call to undefined function play() in /home/ubuntu/workspace/cst336/labs/lab2SlotMachine/index.php on line 21
[22-Jun-2018 14:31:12 UTC] PHP Stack trace:
[22-Jun-2018 14:31:12 UTC] PHP   1. {main}() /home/ubuntu/workspace/cst336/labs/lab2SlotMachine/index.php:0
[28-Jun-2018 02:52:50 UTC] PHP Parse error:  syntax error, unexpected end of file in /home/ubuntu/workspace/cst336/labs/Slider/index.php on line 118
[28-Jun-2018 02:53:56 UTC] PHP Parse error:  syntax error, unexpected end of file in /home/ubuntu/workspace/cst336/labs/Slider/index.php on line 118
[28-Jun-2018 03:04:18 UTC] PHP Parse error:  syntax error, unexpected end of file in /home/ubuntu/workspace/cst336/labs/Slider/index.php on line 135
[28-Jun-2018 03:11:14 UTC] PHP Parse error:  syntax error, unexpected end of file in /home/ubuntu/workspace/cst336/labs/Slider/index.php on line 118
[28-Jun-2018 03:19:50 UTC] PHP Parse error:  syntax error, unexpected end of file in /home/ubuntu/workspace/cst336/labs/Slider/index.php on line 115
[28-Jun-2018 03:27:39 UTC] PHP Parse error:  syntax error, unexpected end of file in /home/ubuntu/workspace/cst336/labs/Slider/index.php on line 115
[29-Jun-2018 14:41:43 UTC] PHP Warning:  Illegal string offset 'id' in /home/ubuntu/workspace/cst336/labs/scart/index.php on line 31
[29-Jun-2018 14:41:43 UTC] PHP Stack trace:
[29-Jun-2018 14:41:43 UTC] PHP   1. {main}() /home/ubuntu/workspace/cst336/labs/scart/index.php:0
[29-Jun-2018 14:41:47 UTC] PHP Warning:  Illegal string offset 'id' in /home/ubuntu/workspace/cst336/labs/scart/index.php on line 31
[29-Jun-2018 14:41:47 UTC] PHP Stack trace:
[29-Jun-2018 14:41:47 UTC] PHP   1. {main}() /home/ubuntu/workspace/cst336/labs/scart/index.php:0
[29-Jun-2018 14:41:49 UTC] PHP Warning:  Illegal string offset 'id' in /home/ubuntu/workspace/cst336/labs/scart/index.php on line 31
[29-Jun-2018 14:41:49 UTC] PHP Stack trace:
[29-Jun-2018 14:41:49 UTC] PHP   1. {main}() /home/ubuntu/workspace/cst336/labs/scart/index.php:0
[29-Jun-2018 14:41:51 UTC] PHP Warning:  Illegal string offset 'id' in /home/ubuntu/workspace/cst336/labs/scart/index.php on line 31
[29-Jun-2018 14:41:51 UTC] PHP Stack trace:
[29-Jun-2018 14:41:51 UTC] PHP   1. {main}() /home/ubuntu/workspace/cst336/labs/scart/index.php:0
[29-Jun-2018 14:41:54 UTC] PHP Warning:  Illegal string offset 'id' in /home/ubuntu/workspace/cst336/labs/scart/index.php on line 31
[29-Jun-2018 14:41:54 UTC] PHP Stack trace:
[29-Jun-2018 14:41:54 UTC] PHP   1. {main}() /home/ubuntu/workspace/cst336/labs/scart/index.php:0
[29-Jun-2018 14:41:56 UTC] PHP Warning:  Illegal string offset 'name' in /home/ubuntu/workspace/cst336/labs/scart/functions.php on line 44
[29-Jun-2018 14:41:56 UTC] PHP Stack trace:
[29-Jun-2018 14:41:56 UTC] PHP   1. {main}() /home/ubuntu/workspace/cst336/labs/scart/scart.php:0
[29-Jun-2018 14:41:56 UTC] PHP   2. displayCart() /home/ubuntu/workspace/cst336/labs/scart/scart.php:60
[29-Jun-2018 14:41:56 UTC] PHP Warning:  Illegal string offset 'price' in /home/ubuntu/workspace/cst336/labs/scart/functions.php on line 45
[29-Jun-2018 14:41:56 UTC] PHP Stack trace:
[29-Jun-2018 14:41:56 UTC] PHP   1. {main}() /home/ubuntu/workspace/cst336/labs/scart/scart.php:0
[29-Jun-2018 14:41:56 UTC] PHP   2. displayCart() /home/ubuntu/workspace/cst336/labs/scart/scart.php:60
[29-Jun-2018 14:41:56 UTC] PHP Warning:  Illegal string offset 'image' in /home/ubuntu/workspace/cst336/labs/scart/functions.php on line 46
[29-Jun-2018 14:41:56 UTC] PHP Stack trace:
[29-Jun-2018 14:41:56 UTC] PHP   1. {main}() /home/ubuntu/workspace/cst336/labs/scart/scart.php:0
[29-Jun-2018 14:41:56 UTC] PHP   2. displayCart() /home/ubuntu/workspace/cst336/labs/scart/scart.php:60
[29-Jun-2018 14:41:56 UTC] PHP Warning:  Illegal string offset 'id' in /home/ubuntu/workspace/cst336/labs/scart/functions.php on line 47
[29-Jun-2018 14:41:56 UTC] PHP Stack trace:
[29-Jun-2018 14:41:56 UTC] PHP   1. {main}() /home/ubuntu/workspace/cst336/labs/scart/scart.php:0
[29-Jun-2018 14:41:56 UTC] PHP   2. displayCart() /home/ubuntu/workspace/cst336/labs/scart/scart.php:60
[29-Jun-2018 14:41:56 UTC] PHP Warning:  Illegal string offset 'quantity' in /home/ubuntu/workspace/cst336/labs/scart/functions.php on line 48
[29-Jun-2018 14:41:56 UTC] PHP Stack trace:
[29-Jun-2018 14:41:56 UTC] PHP   1. {main}() /home/ubuntu/workspace/cst336/labs/scart/scart.php:0
[29-Jun-2018 14:41:56 UTC] PHP   2. displayCart() /home/ubuntu/workspace/cst336/labs/scart/scart.php:60
[29-Jun-2018 14:42:02 UTC] PHP Warning:  Illegal string offset 'id' in /home/ubuntu/workspace/cst336/labs/scart/scart.php on line 8
[29-Jun-2018 14:42:02 UTC] PHP Stack trace:
[29-Jun-2018 14:42:02 UTC] PHP   1. {main}() /home/ubuntu/workspace/cst336/labs/scart/scart.php:0
[10-Jul-2018 14:18:12 UTC] PHP Parse error:  syntax error, unexpected end of file in /home/ubuntu/workspace/cst336/labs/lab5otterMart/index.php on line 116
[10-Jul-2018 15:13:04 UTC] PHP Fatal error:  Uncaught exception 'PDOException' with message 'SQLSTATE[42000]: Syntax error or access violation: 1064 You have an error in your SQL syntax; check the manual that corresponds to your MySQL server version for the right syntax to use near 'SELCT * FROM om_product WHERE 1 AND productName LIKE '%books%' AND price >= '5' ' at line 1' in /home/ubuntu/workspace/cst336/labs/lab5otterMart/index.php:61
Stack trace:
#0 /home/ubuntu/workspace/cst336/labs/lab5otterMart/index.php(61): PDOStatement->execute(Array)
#1 /home/ubuntu/workspace/cst336/labs/lab5otterMart/index.php(114): displaySearchResults()
#2 {main}
  thrown in /home/ubuntu/workspace/cst336/labs/lab5otterMart/index.php on line 61
[10-Jul-2018 15:41:06 UTC] PHP Fatal error:  Uncaught exception 'PDOException' with message 'SQLSTATE[42000]: Syntax error or access violation: 1064 You have an error in your SQL syntax; check the manual that corresponds to your MySQL server version for the right syntax to use near 'SELCT * FROM om_product WHERE 1 AND productName LIKE '%books%' ORDER BY productN' at line 1' in /home/ubuntu/workspace/cst336/labs/lab5otterMart/index.php:61
Stack trace:
#0 /home/ubuntu/workspace/cst336/labs/lab5otterMart/index.php(61): PDOStatement->execute(Array)
#1 /home/ubuntu/workspace/cst336/labs/lab5otterMart/index.php(114): displaySearchResults()
#2 {main}
  thrown in /home/ubuntu/workspace/cst336/labs/lab5otterMart/index.php on line 61
[11-Jul-2018 18:40:32 UTC] PHP Fatal error:  Uncaught exception 'PDOException' with message 'SQLSTATE[42S02]: Base table or view not found: 1146 Table 'ottermart.om_admin' doesn't exist' in /home/ubuntu/workspace/cst336/labs/lab6otterMartAdmin/loginProcess.php:25
Stack trace:
#0 /home/ubuntu/workspace/cst336/labs/lab6otterMartAdmin/loginProcess.php(25): PDOStatement->execute(Array)
#1 {main}
  thrown in /home/ubuntu/workspace/cst336/labs/lab6otterMartAdmin/loginProcess.php on line 25
[13-Jul-2018 13:11:31 UTC] PHP Fatal error:  Call to a member function prepare() on a non-object in /home/ubuntu/workspace/cst336/labs/lab6otterMartAdmin/admin.php on line 13
[13-Jul-2018 13:11:31 UTC] PHP Stack trace:
[13-Jul-2018 13:11:31 UTC] PHP   1. {main}() /home/ubuntu/workspace/cst336/labs/lab6otterMartAdmin/admin.php:0
[13-Jul-2018 13:11:31 UTC] PHP   2. displayAllProducts() /home/ubuntu/workspace/cst336/labs/lab6otterMartAdmin/admin.php:33
[13-Jul-2018 13:14:33 UTC] PHP Fatal error:  Call to a member function prepare() on a non-object in /home/ubuntu/workspace/cst336/labs/lab6otterMartAdmin/admin.php on line 13
[13-Jul-2018 13:14:33 UTC] PHP Stack trace:
[13-Jul-2018 13:14:33 UTC] PHP   1. {main}() /home/ubuntu/workspace/cst336/labs/lab6otterMartAdmin/admin.php:0
[13-Jul-2018 13:14:33 UTC] PHP   2. displayAllProducts() /home/ubuntu/workspace/cst336/labs/lab6otterMartAdmin/admin.php:33
[13-Jul-2018 13:14:38 UTC] PHP Fatal error:  Call to a member function prepare() on a non-object in /home/ubuntu/workspace/cst336/labs/lab6otterMartAdmin/addProduct.php on line 8
[13-Jul-2018 13:14:38 UTC] PHP Stack trace:
[13-Jul-2018 13:14:38 UTC] PHP   1. {main}() /home/ubuntu/workspace/cst336/labs/lab6otterMartAdmin/addProduct.php:0
[13-Jul-2018 13:14:38 UTC] PHP   2. getCategories() /home/ubuntu/workspace/cst336/labs/lab6otterMartAdmin/addProduct.php:55
[13-Jul-2018 13:15:22 UTC] PHP Fatal error:  Call to a member function prepare() on a non-object in /home/ubuntu/workspace/cst336/labs/lab6otterMartAdmin/admin.php on line 13
[13-Jul-2018 13:15:22 UTC] PHP Stack trace:
[13-Jul-2018 13:15:22 UTC] PHP   1. {main}() /home/ubuntu/workspace/cst336/labs/lab6otterMartAdmin/admin.php:0
[13-Jul-2018 13:15:22 UTC] PHP   2. displayAllProducts() /home/ubuntu/workspace/cst336/labs/lab6otterMartAdmin/admin.php:33
[13-Jul-2018 13:15:54 UTC] PHP Fatal error:  Call to a member function prepare() on a non-object in /home/ubuntu/workspace/cst336/labs/lab6otterMartAdmin/admin.php on line 13
[13-Jul-2018 13:15:54 UTC] PHP Stack trace:
[13-Jul-2018 13:15:54 UTC] PHP   1. {main}() /home/ubuntu/workspace/cst336/labs/lab6otterMartAdmin/admin.php:0
[13-Jul-2018 13:15:54 UTC] PHP   2. displayAllProducts() /home/ubuntu/workspace/cst336/labs/lab6otterMartAdmin/admin.php:33
[13-Jul-2018 13:17:29 UTC] PHP Fatal error:  Call to a member function prepare() on a non-object in /home/ubuntu/workspace/cst336/labs/lab6otterMartAdmin/addProduct.php on line 8
[13-Jul-2018 13:17:29 UTC] PHP Stack trace:
[13-Jul-2018 13:17:29 UTC] PHP   1. {main}() /home/ubuntu/workspace/cst336/labs/lab6otterMartAdmin/addProduct.php:0
[13-Jul-2018 13:17:29 UTC] PHP   2. getCategories() /home/ubuntu/workspace/cst336/labs/lab6otterMartAdmin/addProduct.php:55
[13-Jul-2018 13:22:26 UTC] PHP Fatal error:  Call to a member function prepare() on a non-object in /home/ubuntu/workspace/cst336/labs/lab6otterMartAdmin/admin.php on line 13
[13-Jul-2018 13:22:26 UTC] PHP Stack trace:
[13-Jul-2018 13:22:26 UTC] PHP   1. {main}() /home/ubuntu/workspace/cst336/labs/lab6otterMartAdmin/admin.php:0
[13-Jul-2018 13:22:26 UTC] PHP   2. displayAllProducts() /home/ubuntu/workspace/cst336/labs/lab6otterMartAdmin/admin.php:28
[13-Jul-2018 13:22:50 UTC] PHP Fatal error:  Call to a member function prepare() on a non-object in /home/ubuntu/workspace/cst336/labs/lab6otterMartAdmin/admin.php on line 13
[13-Jul-2018 13:22:50 UTC] PHP Stack trace:
[13-Jul-2018 13:22:50 UTC] PHP   1. {main}() /home/ubuntu/workspace/cst336/labs/lab6otterMartAdmin/admin.php:0
[13-Jul-2018 13:22:50 UTC] PHP   2. displayAllProducts() /home/ubuntu/workspace/cst336/labs/lab6otterMartAdmin/admin.php:28
[13-Jul-2018 13:23:24 UTC] PHP Fatal error:  Call to a member function prepare() on a non-object in /home/ubuntu/workspace/cst336/labs/lab6otterMartAdmin/addProduct.php on line 8
[13-Jul-2018 13:23:24 UTC] PHP Stack trace:
[13-Jul-2018 13:23:24 UTC] PHP   1. {main}() /home/ubuntu/workspace/cst336/labs/lab6otterMartAdmin/addProduct.php:0
[13-Jul-2018 13:23:24 UTC] PHP   2. getCategories() /home/ubuntu/workspace/cst336/labs/lab6otterMartAdmin/addProduct.php:55
[13-Jul-2018 13:23:30 UTC] PHP Fatal error:  Call to a member function prepare() on a non-object in /home/ubuntu/workspace/cst336/labs/lab6otterMartAdmin/admin.php on line 13
[13-Jul-2018 13:23:30 UTC] PHP Stack trace:
[13-Jul-2018 13:23:30 UTC] PHP   1. {main}() /home/ubuntu/workspace/cst336/labs/lab6otterMartAdmin/admin.php:0
[13-Jul-2018 13:23:30 UTC] PHP   2. displayAllProducts() /home/ubuntu/workspace/cst336/labs/lab6otterMartAdmin/admin.php:28
[13-Jul-2018 13:26:20 UTC] PHP Fatal error:  Call to a member function prepare() on a non-object in /home/ubuntu/workspace/cst336/labs/lab6otterMartAdmin/admin.php on line 13
[13-Jul-2018 13:26:20 UTC] PHP Stack trace:
[13-Jul-2018 13:26:20 UTC] PHP   1. {main}() /home/ubuntu/workspace/cst336/labs/lab6otterMartAdmin/admin.php:0
[13-Jul-2018 13:26:20 UTC] PHP   2. displayAllProducts() /home/ubuntu/workspace/cst336/labs/lab6otterMartAdmin/admin.php:28
[13-Jul-2018 13:26:21 UTC] PHP Fatal error:  Call to a member function prepare() on a non-object in /home/ubuntu/workspace/cst336/labs/lab6otterMartAdmin/addProduct.php on line 8
[13-Jul-2018 13:26:21 UTC] PHP Stack trace:
[13-Jul-2018 13:26:21 UTC] PHP   1. {main}() /home/ubuntu/workspace/cst336/labs/lab6otterMartAdmin/addProduct.php:0
[13-Jul-2018 13:26:21 UTC] PHP   2. getCategories() /home/ubuntu/workspace/cst336/labs/lab6otterMartAdmin/addProduct.php:55
[13-Jul-2018 13:54:39 UTC] PHP Fatal error:  Call to a member function prepare() on a non-object in /home/ubuntu/workspace/cst336/labs/lab6otterMartAdmin/admin.php on line 13
[13-Jul-2018 13:54:39 UTC] PHP Stack trace:
[13-Jul-2018 13:54:39 UTC] PHP   1. {main}() /home/ubuntu/workspace/cst336/labs/lab6otterMartAdmin/admin.php:0
[13-Jul-2018 13:54:39 UTC] PHP   2. displayAllProducts() /home/ubuntu/workspace/cst336/labs/lab6otterMartAdmin/admin.php:28
[13-Jul-2018 14:29:53 UTC] PHP Fatal error:  Call to a member function prepare() on a non-object in /home/ubuntu/workspace/cst336/labs/lab6otterMartAdmin/admin.php on line 13
[13-Jul-2018 14:29:53 UTC] PHP Stack trace:
[13-Jul-2018 14:29:53 UTC] PHP   1. {main}() /home/ubuntu/workspace/cst336/labs/lab6otterMartAdmin/admin.php:0
[13-Jul-2018 14:29:53 UTC] PHP   2. displayAllProducts() /home/ubuntu/workspace/cst336/labs/lab6otterMartAdmin/admin.php:37
[13-Jul-2018 14:29:56 UTC] PHP Fatal error:  Call to a member function prepare() on a non-object in /home/ubuntu/workspace/cst336/labs/lab6otterMartAdmin/addProduct.php on line 15
[13-Jul-2018 14:29:56 UTC] PHP Stack trace:
[13-Jul-2018 14:29:56 UTC] PHP   1. {main}() /home/ubuntu/workspace/cst336/labs/lab6otterMartAdmin/addProduct.php:0
[13-Jul-2018 14:29:56 UTC] PHP   2. getCategories() /home/ubuntu/workspace/cst336/labs/lab6otterMartAdmin/addProduct.php:62
[16-Jul-2018 18:21:49 UTC] PHP Fatal error:  Call to a member function prepare() on a non-object in /home/ubuntu/workspace/cst336/labs/lab6otterMartAdmin/updateProduct.php on line 14
[16-Jul-2018 18:21:49 UTC] PHP Stack trace:
[16-Jul-2018 18:21:49 UTC] PHP   1. {main}() /home/ubuntu/workspace/cst336/labs/lab6otterMartAdmin/updateProduct.php:0
[16-Jul-2018 18:21:49 UTC] PHP   2. getProductInfo() /home/ubuntu/workspace/cst336/labs/lab6otterMartAdmin/updateProduct.php:59
[17-Jul-2018 12:52:43 UTC] PHP Fatal error:  Call to a member function prepare() on a non-object in /home/ubuntu/workspace/cst336/labs/lab6otterMartAdmin/updateProduct.php on line 19
[17-Jul-2018 12:52:43 UTC] PHP Stack trace:
[17-Jul-2018 12:52:43 UTC] PHP   1. {main}() /home/ubuntu/workspace/cst336/labs/lab6otterMartAdmin/updateProduct.php:0
[17-Jul-2018 12:52:43 UTC] PHP   2. getProductInfo() /home/ubuntu/workspace/cst336/labs/lab6otterMartAdmin/updateProduct.php:42
[17-Jul-2018 12:58:20 UTC] PHP Fatal error:  Call to a member function prepare() on a non-object in /home/ubuntu/workspace/cst336/labs/lab6otterMartAdmin/updateProduct.php on line 23
[17-Jul-2018 12:58:20 UTC] PHP Stack trace:
[17-Jul-2018 12:58:20 UTC] PHP   1. {main}() /home/ubuntu/workspace/cst336/labs/lab6otterMartAdmin/updateProduct.php:0
[17-Jul-2018 12:58:20 UTC] PHP   2. getProductInfo() /home/ubuntu/workspace/cst336/labs/lab6otterMartAdmin/updateProduct.php:16
[17-Jul-2018 12:58:35 UTC] PHP Fatal error:  Call to a member function prepare() on a non-object in /home/ubuntu/workspace/cst336/labs/lab6otterMartAdmin/updateProduct.php on line 23
[17-Jul-2018 12:58:35 UTC] PHP Stack trace:
[17-Jul-2018 12:58:35 UTC] PHP   1. {main}() /home/ubuntu/workspace/cst336/labs/lab6otterMartAdmin/updateProduct.php:0
[17-Jul-2018 12:58:35 UTC] PHP   2. getProductInfo() /home/ubuntu/workspace/cst336/labs/lab6otterMartAdmin/updateProduct.php:16
[17-Jul-2018 13:01:19 UTC] PHP Fatal error:  Call to a member function prepare() on a non-object in /home/ubuntu/workspace/cst336/labs/lab6otterMartAdmin/deleteProduct.php on line 16
[17-Jul-2018 13:01:19 UTC] PHP Stack trace:
[17-Jul-2018 13:01:19 UTC] PHP   1. {main}() /home/ubuntu/workspace/cst336/labs/lab6otterMartAdmin/deleteProduct.php:0
[17-Jul-2018 13:03:07 UTC] PHP Fatal error:  Call to a member function prepare() on a non-object in /home/ubuntu/workspace/cst336/labs/lab6otterMartAdmin/updateProduct.php on line 23
[17-Jul-2018 13:03:07 UTC] PHP Stack trace:
[17-Jul-2018 13:03:07 UTC] PHP   1. {main}() /home/ubuntu/workspace/cst336/labs/lab6otterMartAdmin/updateProduct.php:0
[17-Jul-2018 13:03:07 UTC] PHP   2. getProductInfo() /home/ubuntu/workspace/cst336/labs/lab6otterMartAdmin/updateProduct.php:16
[17-Jul-2018 13:06:14 UTC] PHP Fatal error:  Call to a member function prepare() on a non-object in /home/ubuntu/workspace/cst336/labs/lab6otterMartAdmin/updateProduct.php on line 25
[17-Jul-2018 13:06:14 UTC] PHP Stack trace:
[17-Jul-2018 13:06:14 UTC] PHP   1. {main}() /home/ubuntu/workspace/cst336/labs/lab6otterMartAdmin/updateProduct.php:0
[17-Jul-2018 13:06:14 UTC] PHP   2. getProductInfo() /home/ubuntu/workspace/cst336/labs/lab6otterMartAdmin/updateProduct.php:16
[17-Jul-2018 13:10:53 UTC] PHP Fatal error:  Call to a member function prepare() on a non-object in /home/ubuntu/workspace/cst336/labs/lab6otterMartAdmin/updateProduct.php on line 25
[17-Jul-2018 13:10:53 UTC] PHP Stack trace:
[17-Jul-2018 13:10:53 UTC] PHP   1. {main}() /home/ubuntu/workspace/cst336/labs/lab6otterMartAdmin/updateProduct.php:0
[17-Jul-2018 13:10:53 UTC] PHP   2. getProductInfo() /home/ubuntu/workspace/cst336/labs/lab6otterMartAdmin/updateProduct.php:16
[17-Jul-2018 13:15:53 UTC] PHP Fatal error:  Call to a member function prepare() on a non-object in /home/ubuntu/workspace/cst336/labs/lab6otterMartAdmin/updateProduct.php on line 63
[17-Jul-2018 13:15:53 UTC] PHP Stack trace:
[17-Jul-2018 13:15:53 UTC] PHP   1. {main}() /home/ubuntu/workspace/cst336/labs/lab6otterMartAdmin/updateProduct.php:0
