[28-Jul-2018 01:04:21 UTC] PHP Warning:  include(dbConnection.php): failed to open stream: No such file or directory in /home/ubuntu/workspace/finalProject/customer/productServices.php on line 3
[28-Jul-2018 01:04:21 UTC] PHP Stack trace:
[28-Jul-2018 01:04:21 UTC] PHP   1. {main}() /home/ubuntu/workspace/finalProject/customer/productServices.php:0
[28-Jul-2018 01:04:21 UTC] PHP Warning:  include(): Failed opening 'dbConnection.php' for inclusion (include_path='.:/usr/share/php:/usr/share/pear') in /home/ubuntu/workspace/finalProject/customer/productServices.php on line 3
[28-Jul-2018 01:04:21 UTC] PHP Stack trace:
[28-Jul-2018 01:04:21 UTC] PHP   1. {main}() /home/ubuntu/workspace/finalProject/customer/productServices.php:0
[28-Jul-2018 01:04:21 UTC] PHP Fatal error:  Call to undefined function getDatabaseConnection() in /home/ubuntu/workspace/finalProject/customer/productServices.php on line 5
[28-Jul-2018 01:04:21 UTC] PHP Stack trace:
[28-Jul-2018 01:04:21 UTC] PHP   1. {main}() /home/ubuntu/workspace/finalProject/customer/productServices.php:0
[28-Jul-2018 01:09:57 UTC] PHP Warning:  include(dbConnection.php): failed to open stream: No such file or directory in /home/ubuntu/workspace/finalProject/customer/productServices.php on line 3
[28-Jul-2018 01:09:57 UTC] PHP Stack trace:
[28-Jul-2018 01:09:57 UTC] PHP   1. {main}() /home/ubuntu/workspace/finalProject/customer/productServices.php:0
[28-Jul-2018 01:09:57 UTC] PHP Warning:  include(): Failed opening 'dbConnection.php' for inclusion (include_path='.:/usr/share/php:/usr/share/pear') in /home/ubuntu/workspace/finalProject/customer/productServices.php on line 3
[28-Jul-2018 01:09:57 UTC] PHP Stack trace:
[28-Jul-2018 01:09:57 UTC] PHP   1. {main}() /home/ubuntu/workspace/finalProject/customer/productServices.php:0
[28-Jul-2018 01:09:57 UTC] PHP Fatal error:  Call to undefined function getDatabaseConnection() in /home/ubuntu/workspace/finalProject/customer/productServices.php on line 5
[28-Jul-2018 01:09:57 UTC] PHP Stack trace:
[28-Jul-2018 01:09:57 UTC] PHP   1. {main}() /home/ubuntu/workspace/finalProject/customer/productServices.php:0
[28-Jul-2018 01:09:59 UTC] PHP Warning:  include(dbConnection.php): failed to open stream: No such file or directory in /home/ubuntu/workspace/finalProject/customer/productServices.php on line 3
[28-Jul-2018 01:09:59 UTC] PHP Stack trace:
[28-Jul-2018 01:09:59 UTC] PHP   1. {main}() /home/ubuntu/workspace/finalProject/customer/productServices.php:0
[28-Jul-2018 01:09:59 UTC] PHP Warning:  include(): Failed opening 'dbConnection.php' for inclusion (include_path='.:/usr/share/php:/usr/share/pear') in /home/ubuntu/workspace/finalProject/customer/productServices.php on line 3
[28-Jul-2018 01:09:59 UTC] PHP Stack trace:
[28-Jul-2018 01:09:59 UTC] PHP   1. {main}() /home/ubuntu/workspace/finalProject/customer/productServices.php:0
[28-Jul-2018 01:09:59 UTC] PHP Fatal error:  Call to undefined function getDatabaseConnection() in /home/ubuntu/workspace/finalProject/customer/productServices.php on line 5
[28-Jul-2018 01:09:59 UTC] PHP Stack trace:
[28-Jul-2018 01:09:59 UTC] PHP   1. {main}() /home/ubuntu/workspace/finalProject/customer/productServices.php:0
[28-Jul-2018 01:10:01 UTC] PHP Warning:  include(dbConnection.php): failed to open stream: No such file or directory in /home/ubuntu/workspace/finalProject/customer/productServices.php on line 3
[28-Jul-2018 01:10:01 UTC] PHP Stack trace:
[28-Jul-2018 01:10:01 UTC] PHP   1. {main}() /home/ubuntu/workspace/finalProject/customer/productServices.php:0
[28-Jul-2018 01:10:01 UTC] PHP Warning:  include(): Failed opening 'dbConnection.php' for inclusion (include_path='.:/usr/share/php:/usr/share/pear') in /home/ubuntu/workspace/finalProject/customer/productServices.php on line 3
[28-Jul-2018 01:10:01 UTC] PHP Stack trace:
[28-Jul-2018 01:10:01 UTC] PHP   1. {main}() /home/ubuntu/workspace/finalProject/customer/productServices.php:0
[28-Jul-2018 01:10:01 UTC] PHP Fatal error:  Call to undefined function getDatabaseConnection() in /home/ubuntu/workspace/finalProject/customer/productServices.php on line 5
[28-Jul-2018 01:10:01 UTC] PHP Stack trace:
[28-Jul-2018 01:10:01 UTC] PHP   1. {main}() /home/ubuntu/workspace/finalProject/customer/productServices.php:0
[28-Jul-2018 02:35:19 UTC] PHP Warning:  include(dbConnection.php): failed to open stream: No such file or directory in /home/ubuntu/workspace/finalProject/customer/productServices.php on line 3
[28-Jul-2018 02:35:19 UTC] PHP Stack trace:
[28-Jul-2018 02:35:19 UTC] PHP   1. {main}() /home/ubuntu/workspace/finalProject/customer/productServices.php:0
[28-Jul-2018 02:35:19 UTC] PHP Warning:  include(): Failed opening 'dbConnection.php' for inclusion (include_path='.:/usr/share/php:/usr/share/pear') in /home/ubuntu/workspace/finalProject/customer/productServices.php on line 3
[28-Jul-2018 02:35:19 UTC] PHP Stack trace:
[28-Jul-2018 02:35:19 UTC] PHP   1. {main}() /home/ubuntu/workspace/finalProject/customer/productServices.php:0
[28-Jul-2018 02:35:19 UTC] PHP Fatal error:  Call to undefined function getDatabaseConnection() in /home/ubuntu/workspace/finalProject/customer/productServices.php on line 5
[28-Jul-2018 02:35:19 UTC] PHP Stack trace:
[28-Jul-2018 02:35:19 UTC] PHP   1. {main}() /home/ubuntu/workspace/finalProject/customer/productServices.php:0
[28-Jul-2018 02:38:20 UTC] PHP Warning:  include(dbConnection.php): failed to open stream: No such file or directory in /home/ubuntu/workspace/finalProject/customer/productServices.php on line 3
[28-Jul-2018 02:38:20 UTC] PHP Stack trace:
[28-Jul-2018 02:38:20 UTC] PHP   1. {main}() /home/ubuntu/workspace/finalProject/customer/productServices.php:0
[28-Jul-2018 02:38:20 UTC] PHP Warning:  include(): Failed opening 'dbConnection.php' for inclusion (include_path='.:/usr/share/php:/usr/share/pear') in /home/ubuntu/workspace/finalProject/customer/productServices.php on line 3
[28-Jul-2018 02:38:20 UTC] PHP Stack trace:
[28-Jul-2018 02:38:20 UTC] PHP   1. {main}() /home/ubuntu/workspace/finalProject/customer/productServices.php:0
[28-Jul-2018 02:38:20 UTC] PHP Fatal error:  Call to undefined function getDatabaseConnection() in /home/ubuntu/workspace/finalProject/customer/productServices.php on line 5
[28-Jul-2018 02:38:20 UTC] PHP Stack trace:
[28-Jul-2018 02:38:20 UTC] PHP   1. {main}() /home/ubuntu/workspace/finalProject/customer/productServices.php:0
[28-Jul-2018 03:01:18 UTC] PHP Fatal error:  Call to undefined function displaySearchResults() in /home/ubuntu/workspace/finalProject/customer/productServices.php on line 124
[28-Jul-2018 03:01:18 UTC] PHP Stack trace:
[28-Jul-2018 03:01:18 UTC] PHP   1. {main}() /home/ubuntu/workspace/finalProject/customer/productServices.php:0
[28-Jul-2018 03:01:41 UTC] PHP Fatal error:  Call to undefined function displaySearchResults() in /home/ubuntu/workspace/finalProject/customer/productServices.php on line 124
[28-Jul-2018 03:01:41 UTC] PHP Stack trace:
[28-Jul-2018 03:01:41 UTC] PHP   1. {main}() /home/ubuntu/workspace/finalProject/customer/productServices.php:0
[28-Jul-2018 03:02:09 UTC] PHP Fatal error:  Call to undefined function displaySearchResults() in /home/ubuntu/workspace/finalProject/customer/productServices.php on line 124
[28-Jul-2018 03:02:09 UTC] PHP Stack trace:
[28-Jul-2018 03:02:09 UTC] PHP   1. {main}() /home/ubuntu/workspace/finalProject/customer/productServices.php:0
[28-Jul-2018 03:10:52 UTC] PHP Fatal error:  Call to undefined function displaySearchResults() in /home/ubuntu/workspace/finalProject/customer/productServices.php on line 124
[28-Jul-2018 03:10:52 UTC] PHP Stack trace:
[28-Jul-2018 03:10:52 UTC] PHP   1. {main}() /home/ubuntu/workspace/finalProject/customer/productServices.php:0
[28-Jul-2018 03:10:55 UTC] PHP Fatal error:  Call to undefined function displaySearchResults() in /home/ubuntu/workspace/finalProject/customer/productServices.php on line 124
[28-Jul-2018 03:10:55 UTC] PHP Stack trace:
[28-Jul-2018 03:10:55 UTC] PHP   1. {main}() /home/ubuntu/workspace/finalProject/customer/productServices.php:0
[28-Jul-2018 03:19:44 UTC] PHP Fatal error:  Call to undefined function displaySearchResults() in /home/ubuntu/workspace/finalProject/customer/productServices.php on line 132
[28-Jul-2018 03:19:44 UTC] PHP Stack trace:
[28-Jul-2018 03:19:44 UTC] PHP   1. {main}() /home/ubuntu/workspace/finalProject/customer/productServices.php:0
[30-Jul-2018 00:36:40 UTC] PHP Fatal error:  Uncaught exception 'PDOException' with message 'SQLSTATE[42S22]: Column not found: 1054 Unknown column 'locker_number' in 'field list'' in /home/ubuntu/workspace/finalProject/admin/addInstructors.php:39
Stack trace:
#0 /home/ubuntu/workspace/finalProject/admin/addInstructors.php(39): PDOStatement->execute(Array)
#1 {main}
  thrown in /home/ubuntu/workspace/finalProject/admin/addInstructors.php on line 39
[30-Jul-2018 00:44:22 UTC] PHP Fatal error:  Uncaught exception 'PDOException' with message 'SQLSTATE[42000]: Syntax error or access violation: 1064 You have an error in your SQL syntax; check the manual that corresponds to your MySQL server version for the right syntax to use near 'WHERE instructorid = NULL' at line 9' in /home/ubuntu/workspace/finalProject/admin/updateInstructors.php:53
Stack trace:
#0 /home/ubuntu/workspace/finalProject/admin/updateInstructors.php(53): PDOStatement->execute(Array)
#1 {main}
  thrown in /home/ubuntu/workspace/finalProject/admin/updateInstructors.php on line 53
[30-Jul-2018 00:46:28 UTC] PHP Fatal error:  Uncaught exception 'PDOException' with message 'SQLSTATE[42S22]: Column not found: 1054 Unknown column 'locker_number' in 'field list'' in /home/ubuntu/workspace/finalProject/admin/addInstructors.php:39
Stack trace:
#0 /home/ubuntu/workspace/finalProject/admin/addInstructors.php(39): PDOStatement->execute(Array)
#1 {main}
  thrown in /home/ubuntu/workspace/finalProject/admin/addInstructors.php on line 39
[30-Jul-2018 00:49:08 UTC] PHP Fatal error:  Uncaught exception 'PDOException' with message 'SQLSTATE[42S22]: Column not found: 1054 Unknown column 'locker_number' in 'field list'' in /home/ubuntu/workspace/finalProject/admin/addInstructors.php:39
Stack trace:
#0 /home/ubuntu/workspace/finalProject/admin/addInstructors.php(39): PDOStatement->execute(Array)
#1 {main}
  thrown in /home/ubuntu/workspace/finalProject/admin/addInstructors.php on line 39
[30-Jul-2018 00:54:15 UTC] PHP Fatal error:  Uncaught exception 'PDOException' with message 'SQLSTATE[42000]: Syntax error or access violation: 1064 You have an error in your SQL syntax; check the manual that corresponds to your MySQL server version for the right syntax to use near 'WHERE instructorid = NULL' at line 9' in /home/ubuntu/workspace/finalProject/admin/updateInstructors.php:53
Stack trace:
#0 /home/ubuntu/workspace/finalProject/admin/updateInstructors.php(53): PDOStatement->execute(Array)
#1 {main}
  thrown in /home/ubuntu/workspace/finalProject/admin/updateInstructors.php on line 53
[30-Jul-2018 00:56:20 UTC] PHP Fatal error:  Uncaught exception 'PDOException' with message 'SQLSTATE[42000]: Syntax error or access violation: 1064 You have an error in your SQL syntax; check the manual that corresponds to your MySQL server version for the right syntax to use near 'WHERE instructorid = NULL' at line 9' in /home/ubuntu/workspace/finalProject/admin/updateInstructors.php:53
Stack trace:
#0 /home/ubuntu/workspace/finalProject/admin/updateInstructors.php(53): PDOStatement->execute(Array)
#1 {main}
  thrown in /home/ubuntu/workspace/finalProject/admin/updateInstructors.php on line 53
[31-Jul-2018 17:09:40 UTC] PHP Fatal error:  Uncaught exception 'PDOException' with message 'SQLSTATE[23000]: Integrity constraint violation: 1052 Column 'aircraft_id' in field list is ambiguous' in /home/ubuntu/workspace/finalProject/admin/aircraftUsage.php:23
Stack trace:
#0 /home/ubuntu/workspace/finalProject/admin/aircraftUsage.php(23): PDOStatement->execute()
#1 /home/ubuntu/workspace/finalProject/admin/aircraftUsage.php(64): aircraftUsage()
#2 {main}
  thrown in /home/ubuntu/workspace/finalProject/admin/aircraftUsage.php on line 23
[31-Jul-2018 17:12:45 UTC] PHP Fatal error:  Uncaught exception 'PDOException' with message 'SQLSTATE[23000]: Integrity constraint violation: 1052 Column 'aircraft_id' in field list is ambiguous' in /home/ubuntu/workspace/finalProject/admin/aircraftUsage.php:23
Stack trace:
#0 /home/ubuntu/workspace/finalProject/admin/aircraftUsage.php(23): PDOStatement->execute()
#1 /home/ubuntu/workspace/finalProject/admin/aircraftUsage.php(64): aircraftUsage()
#2 {main}
  thrown in /home/ubuntu/workspace/finalProject/admin/aircraftUsage.php on line 23
[31-Jul-2018 18:36:02 UTC] PHP Fatal error:  Uncaught exception 'PDOException' with message 'SQLSTATE[23000]: Integrity constraint violation: 1062 Duplicate entry '9999' for key 'PRIMARY'' in /home/ubuntu/workspace/cst336/finalProject/admin/addStudents.php:41
Stack trace:
#0 /home/ubuntu/workspace/cst336/finalProject/admin/addStudents.php(41): PDOStatement->execute(Array)
#1 {main}
  thrown in /home/ubuntu/workspace/cst336/finalProject/admin/addStudents.php on line 41
